<?xml version="1.0" encoding="UTF-8"?>
<testsuite xmlns:xsi="http://www.w3.org/2001/XMLSchema-instance" xsi:noNamespaceSchemaLocation="https://maven.apache.org/surefire/maven-surefire-plugin/xsd/surefire-test-report-3.0.xsd" version="3.0" name="com.mtgo.exam.restaurantservice.integration.MenuItemIntegrationTest" time="7.83" tests="4" errors="0" skipped="0" failures="0">
  <properties>
    <property name="java.specification.version" value="21"/>
    <property name="sun.jnu.encoding" value="UTF-8"/>
    <property name="java.class.path" value="/Users/markusagnsgaard/Desktop/restaurant-service/target/test-classes:/Users/markusagnsgaard/Desktop/restaurant-service/target/classes:/Users/markusagnsgaard/.m2/repository/org/springframework/boot/spring-boot-starter-amqp/3.2.0/spring-boot-starter-amqp-3.2.0.jar:/Users/markusagnsgaard/.m2/repository/org/springframework/boot/spring-boot-starter/3.2.0/spring-boot-starter-3.2.0.jar:/Users/markusagnsgaard/.m2/repository/org/springframework/boot/spring-boot/3.2.0/spring-boot-3.2.0.jar:/Users/markusagnsgaard/.m2/repository/org/springframework/boot/spring-boot-autoconfigure/3.2.0/spring-boot-autoconfigure-3.2.0.jar:/Users/markusagnsgaard/.m2/repository/org/springframework/boot/spring-boot-starter-logging/3.2.0/spring-boot-starter-logging-3.2.0.jar:/Users/markusagnsgaard/.m2/repository/ch/qos/logback/logback-classic/1.4.11/logback-classic-1.4.11.jar:/Users/markusagnsgaard/.m2/repository/ch/qos/logback/logback-core/1.4.11/logback-core-1.4.11.jar:/Users/markusagnsgaard/.m2/repository/org/apache/logging/log4j/log4j-to-slf4j/2.21.1/log4j-to-slf4j-2.21.1.jar:/Users/markusagnsgaard/.m2/repository/org/apache/logging/log4j/log4j-api/2.21.1/log4j-api-2.21.1.jar:/Users/markusagnsgaard/.m2/repository/org/slf4j/jul-to-slf4j/2.0.9/jul-to-slf4j-2.0.9.jar:/Users/markusagnsgaard/.m2/repository/jakarta/annotation/jakarta.annotation-api/2.1.1/jakarta.annotation-api-2.1.1.jar:/Users/markusagnsgaard/.m2/repository/org/yaml/snakeyaml/2.2/snakeyaml-2.2.jar:/Users/markusagnsgaard/.m2/repository/org/springframework/spring-messaging/6.1.1/spring-messaging-6.1.1.jar:/Users/markusagnsgaard/.m2/repository/org/springframework/spring-beans/6.1.1/spring-beans-6.1.1.jar:/Users/markusagnsgaard/.m2/repository/org/springframework/amqp/spring-rabbit/3.1.0/spring-rabbit-3.1.0.jar:/Users/markusagnsgaard/.m2/repository/org/springframework/amqp/spring-amqp/3.1.0/spring-amqp-3.1.0.jar:/Users/markusagnsgaard/.m2/repository/org/springframework/retry/spring-retry/2.0.4/spring-retry-2.0.4.jar:/Users/markusagnsgaard/.m2/repository/com/rabbitmq/amqp-client/5.19.0/amqp-client-5.19.0.jar:/Users/markusagnsgaard/.m2/repository/org/springframework/spring-context/6.1.1/spring-context-6.1.1.jar:/Users/markusagnsgaard/.m2/repository/org/springframework/spring-tx/6.1.1/spring-tx-6.1.1.jar:/Users/markusagnsgaard/.m2/repository/io/micrometer/micrometer-observation/1.12.0/micrometer-observation-1.12.0.jar:/Users/markusagnsgaard/.m2/repository/io/micrometer/micrometer-commons/1.12.0/micrometer-commons-1.12.0.jar:/Users/markusagnsgaard/.m2/repository/org/springframework/boot/spring-boot-starter-data-mongodb/3.2.0/spring-boot-starter-data-mongodb-3.2.0.jar:/Users/markusagnsgaard/.m2/repository/org/mongodb/mongodb-driver-sync/4.11.1/mongodb-driver-sync-4.11.1.jar:/Users/markusagnsgaard/.m2/repository/org/mongodb/bson/4.11.1/bson-4.11.1.jar:/Users/markusagnsgaard/.m2/repository/org/mongodb/mongodb-driver-core/4.11.1/mongodb-driver-core-4.11.1.jar:/Users/markusagnsgaard/.m2/repository/org/mongodb/bson-record-codec/4.11.1/bson-record-codec-4.11.1.jar:/Users/markusagnsgaard/.m2/repository/org/springframework/data/spring-data-mongodb/4.2.0/spring-data-mongodb-4.2.0.jar:/Users/markusagnsgaard/.m2/repository/org/springframework/spring-expression/6.1.1/spring-expression-6.1.1.jar:/Users/markusagnsgaard/.m2/repository/org/springframework/data/spring-data-commons/3.2.0/spring-data-commons-3.2.0.jar:/Users/markusagnsgaard/.m2/repository/org/slf4j/slf4j-api/2.0.9/slf4j-api-2.0.9.jar:/Users/markusagnsgaard/.m2/repository/org/springframework/boot/spring-boot-starter-web/3.2.0/spring-boot-starter-web-3.2.0.jar:/Users/markusagnsgaard/.m2/repository/org/springframework/boot/spring-boot-starter-json/3.2.0/spring-boot-starter-json-3.2.0.jar:/Users/markusagnsgaard/.m2/repository/com/fasterxml/jackson/core/jackson-databind/2.15.3/jackson-databind-2.15.3.jar:/Users/markusagnsgaard/.m2/repository/com/fasterxml/jackson/core/jackson-annotations/2.15.3/jackson-annotations-2.15.3.jar:/Users/markusagnsgaard/.m2/repository/com/fasterxml/jackson/datatype/jackson-datatype-jdk8/2.15.3/jackson-datatype-jdk8-2.15.3.jar:/Users/markusagnsgaard/.m2/repository/com/fasterxml/jackson/datatype/jackson-datatype-jsr310/2.15.3/jackson-datatype-jsr310-2.15.3.jar:/Users/markusagnsgaard/.m2/repository/com/fasterxml/jackson/module/jackson-module-parameter-names/2.15.3/jackson-module-parameter-names-2.15.3.jar:/Users/markusagnsgaard/.m2/repository/org/springframework/boot/spring-boot-starter-tomcat/3.2.0/spring-boot-starter-tomcat-3.2.0.jar:/Users/markusagnsgaard/.m2/repository/org/apache/tomcat/embed/tomcat-embed-core/10.1.16/tomcat-embed-core-10.1.16.jar:/Users/markusagnsgaard/.m2/repository/org/apache/tomcat/embed/tomcat-embed-el/10.1.16/tomcat-embed-el-10.1.16.jar:/Users/markusagnsgaard/.m2/repository/org/apache/tomcat/embed/tomcat-embed-websocket/10.1.16/tomcat-embed-websocket-10.1.16.jar:/Users/markusagnsgaard/.m2/repository/org/springframework/spring-web/6.1.1/spring-web-6.1.1.jar:/Users/markusagnsgaard/.m2/repository/org/springframework/spring-webmvc/6.1.1/spring-webmvc-6.1.1.jar:/Users/markusagnsgaard/.m2/repository/org/springframework/spring-aop/6.1.1/spring-aop-6.1.1.jar:/Users/markusagnsgaard/.m2/repository/org/flywaydb/flyway-core/9.22.3/flyway-core-9.22.3.jar:/Users/markusagnsgaard/.m2/repository/com/fasterxml/jackson/dataformat/jackson-dataformat-toml/2.15.3/jackson-dataformat-toml-2.15.3.jar:/Users/markusagnsgaard/.m2/repository/com/fasterxml/jackson/core/jackson-core/2.15.3/jackson-core-2.15.3.jar:/Users/markusagnsgaard/.m2/repository/com/google/code/gson/gson/2.10.1/gson-2.10.1.jar:/Users/markusagnsgaard/.m2/repository/org/flywaydb/flyway-mysql/9.22.3/flyway-mysql-9.22.3.jar:/Users/markusagnsgaard/.m2/repository/com/mysql/mysql-connector-j/8.1.0/mysql-connector-j-8.1.0.jar:/Users/markusagnsgaard/.m2/repository/org/projectlombok/lombok/1.18.30/lombok-1.18.30.jar:/Users/markusagnsgaard/.m2/repository/org/springframework/boot/spring-boot-starter-test/3.2.0/spring-boot-starter-test-3.2.0.jar:/Users/markusagnsgaard/.m2/repository/org/springframework/boot/spring-boot-test/3.2.0/spring-boot-test-3.2.0.jar:/Users/markusagnsgaard/.m2/repository/org/springframework/boot/spring-boot-test-autoconfigure/3.2.0/spring-boot-test-autoconfigure-3.2.0.jar:/Users/markusagnsgaard/.m2/repository/com/jayway/jsonpath/json-path/2.8.0/json-path-2.8.0.jar:/Users/markusagnsgaard/.m2/repository/jakarta/xml/bind/jakarta.xml.bind-api/4.0.1/jakarta.xml.bind-api-4.0.1.jar:/Users/markusagnsgaard/.m2/repository/jakarta/activation/jakarta.activation-api/2.1.2/jakarta.activation-api-2.1.2.jar:/Users/markusagnsgaard/.m2/repository/net/minidev/json-smart/2.5.0/json-smart-2.5.0.jar:/Users/markusagnsgaard/.m2/repository/net/minidev/accessors-smart/2.5.0/accessors-smart-2.5.0.jar:/Users/markusagnsgaard/.m2/repository/org/ow2/asm/asm/9.3/asm-9.3.jar:/Users/markusagnsgaard/.m2/repository/org/assertj/assertj-core/3.24.2/assertj-core-3.24.2.jar:/Users/markusagnsgaard/.m2/repository/net/bytebuddy/byte-buddy/1.14.10/byte-buddy-1.14.10.jar:/Users/markusagnsgaard/.m2/repository/org/awaitility/awaitility/4.2.0/awaitility-4.2.0.jar:/Users/markusagnsgaard/.m2/repository/org/hamcrest/hamcrest/2.2/hamcrest-2.2.jar:/Users/markusagnsgaard/.m2/repository/org/junit/jupiter/junit-jupiter/5.10.1/junit-jupiter-5.10.1.jar:/Users/markusagnsgaard/.m2/repository/org/junit/jupiter/junit-jupiter-api/5.10.1/junit-jupiter-api-5.10.1.jar:/Users/markusagnsgaard/.m2/repository/org/opentest4j/opentest4j/1.3.0/opentest4j-1.3.0.jar:/Users/markusagnsgaard/.m2/repository/org/junit/platform/junit-platform-commons/1.10.1/junit-platform-commons-1.10.1.jar:/Users/markusagnsgaard/.m2/repository/org/junit/jupiter/junit-jupiter-params/5.10.1/junit-jupiter-params-5.10.1.jar:/Users/markusagnsgaard/.m2/repository/org/junit/jupiter/junit-jupiter-engine/5.10.1/junit-jupiter-engine-5.10.1.jar:/Users/markusagnsgaard/.m2/repository/org/junit/platform/junit-platform-engine/1.10.1/junit-platform-engine-1.10.1.jar:/Users/markusagnsgaard/.m2/repository/org/mockito/mockito-core/5.7.0/mockito-core-5.7.0.jar:/Users/markusagnsgaard/.m2/repository/net/bytebuddy/byte-buddy-agent/1.14.10/byte-buddy-agent-1.14.10.jar:/Users/markusagnsgaard/.m2/repository/org/objenesis/objenesis/3.3/objenesis-3.3.jar:/Users/markusagnsgaard/.m2/repository/org/mockito/mockito-junit-jupiter/5.7.0/mockito-junit-jupiter-5.7.0.jar:/Users/markusagnsgaard/.m2/repository/org/skyscreamer/jsonassert/1.5.1/jsonassert-1.5.1.jar:/Users/markusagnsgaard/.m2/repository/com/vaadin/external/google/android-json/0.0.20131108.vaadin1/android-json-0.0.20131108.vaadin1.jar:/Users/markusagnsgaard/.m2/repository/org/springframework/spring-core/6.1.1/spring-core-6.1.1.jar:/Users/markusagnsgaard/.m2/repository/org/springframework/spring-jcl/6.1.1/spring-jcl-6.1.1.jar:/Users/markusagnsgaard/.m2/repository/org/springframework/spring-test/6.1.1/spring-test-6.1.1.jar:/Users/markusagnsgaard/.m2/repository/org/xmlunit/xmlunit-core/2.9.1/xmlunit-core-2.9.1.jar:/Users/markusagnsgaard/.m2/repository/org/springframework/amqp/spring-rabbit-test/3.1.0/spring-rabbit-test-3.1.0.jar:/Users/markusagnsgaard/.m2/repository/org/springframework/amqp/spring-rabbit-junit/3.1.0/spring-rabbit-junit-3.1.0.jar:/Users/markusagnsgaard/.m2/repository/org/hamcrest/hamcrest-library/2.2/hamcrest-library-2.2.jar:/Users/markusagnsgaard/.m2/repository/org/hamcrest/hamcrest-core/2.2/hamcrest-core-2.2.jar:/Users/markusagnsgaard/.m2/repository/org/testcontainers/mongodb/1.19.3/mongodb-1.19.3.jar:/Users/markusagnsgaard/.m2/repository/org/testcontainers/testcontainers/1.19.3/testcontainers-1.19.3.jar:/Users/markusagnsgaard/.m2/repository/org/apache/commons/commons-compress/1.24.0/commons-compress-1.24.0.jar:/Users/markusagnsgaard/.m2/repository/org/rnorth/duct-tape/duct-tape/1.0.8/duct-tape-1.0.8.jar:/Users/markusagnsgaard/.m2/repository/org/jetbrains/annotations/17.0.0/annotations-17.0.0.jar:/Users/markusagnsgaard/.m2/repository/com/github/docker-java/docker-java-api/3.3.4/docker-java-api-3.3.4.jar:/Users/markusagnsgaard/.m2/repository/com/github/docker-java/docker-java-transport-zerodep/3.3.4/docker-java-transport-zerodep-3.3.4.jar:/Users/markusagnsgaard/.m2/repository/com/github/docker-java/docker-java-transport/3.3.4/docker-java-transport-3.3.4.jar:/Users/markusagnsgaard/.m2/repository/net/java/dev/jna/jna/5.13.0/jna-5.13.0.jar:/Users/markusagnsgaard/.m2/repository/org/testcontainers/junit-jupiter/1.19.3/junit-jupiter-1.19.3.jar:/Users/markusagnsgaard/.m2/repository/io/cucumber/cucumber-junit/7.0.0/cucumber-junit-7.0.0.jar:/Users/markusagnsgaard/.m2/repository/org/apiguardian/apiguardian-api/1.1.2/apiguardian-api-1.1.2.jar:/Users/markusagnsgaard/.m2/repository/junit/junit/4.13.2/junit-4.13.2.jar:/Users/markusagnsgaard/.m2/repository/io/cucumber/cucumber-java/7.0.0/cucumber-java-7.0.0.jar:/Users/markusagnsgaard/.m2/repository/io/cucumber/cucumber-spring/7.0.0/cucumber-spring-7.0.0.jar:/Users/markusagnsgaard/.m2/repository/io/cucumber/cucumber-core/7.0.0/cucumber-core-7.0.0.jar:/Users/markusagnsgaard/.m2/repository/io/cucumber/cucumber-gherkin/7.0.0/cucumber-gherkin-7.0.0.jar:/Users/markusagnsgaard/.m2/repository/io/cucumber/cucumber-gherkin-messages/7.0.0/cucumber-gherkin-messages-7.0.0.jar:/Users/markusagnsgaard/.m2/repository/io/cucumber/messages/17.1.1/messages-17.1.1.jar:/Users/markusagnsgaard/.m2/repository/io/cucumber/tag-expressions/4.0.2/tag-expressions-4.0.2.jar:/Users/markusagnsgaard/.m2/repository/io/cucumber/cucumber-expressions/13.0.1/cucumber-expressions-13.0.1.jar:/Users/markusagnsgaard/.m2/repository/io/cucumber/datatable/7.0.0/datatable-7.0.0.jar:/Users/markusagnsgaard/.m2/repository/io/cucumber/cucumber-plugin/7.0.0/cucumber-plugin-7.0.0.jar:/Users/markusagnsgaard/.m2/repository/io/cucumber/docstring/7.0.0/docstring-7.0.0.jar:/Users/markusagnsgaard/.m2/repository/io/cucumber/html-formatter/17.0.0/html-formatter-17.0.0.jar:/Users/markusagnsgaard/.m2/repository/io/cucumber/create-meta/6.0.1/create-meta-6.0.1.jar:"/>
    <property name="java.vm.vendor" value="Oracle Corporation"/>
    <property name="sun.arch.data.model" value="64"/>
    <property name="java.vendor.url" value="https://java.oracle.com/"/>
    <property name="user.timezone" value="Europe/Copenhagen"/>
    <property name="os.name" value="Mac OS X"/>
    <property name="java.vm.specification.version" value="21"/>
    <property name="sun.java.launcher" value="SUN_STANDARD"/>
    <property name="user.country" value="DK"/>
    <property name="sun.boot.library.path" value="/Users/markusagnsgaard/Library/Java/JavaVirtualMachines/openjdk-21.0.1/Contents/Home/lib"/>
    <property name="sun.java.command" value="/Users/markusagnsgaard/Desktop/restaurant-service/target/surefire/surefirebooter-20231206102328348_3.jar /Users/markusagnsgaard/Desktop/restaurant-service/target/surefire 2023-12-06T10-23-28_178-jvmRun1 surefire-20231206102328348_1tmp surefire_0-20231206102328348_2tmp"/>
    <property name="http.nonProxyHosts" value="local|*.local|169.254/16|*.169.254/16"/>
    <property name="jdk.debug" value="release"/>
    <property name="surefire.test.class.path" value="/Users/markusagnsgaard/Desktop/restaurant-service/target/test-classes:/Users/markusagnsgaard/Desktop/restaurant-service/target/classes:/Users/markusagnsgaard/.m2/repository/org/springframework/boot/spring-boot-starter-amqp/3.2.0/spring-boot-starter-amqp-3.2.0.jar:/Users/markusagnsgaard/.m2/repository/org/springframework/boot/spring-boot-starter/3.2.0/spring-boot-starter-3.2.0.jar:/Users/markusagnsgaard/.m2/repository/org/springframework/boot/spring-boot/3.2.0/spring-boot-3.2.0.jar:/Users/markusagnsgaard/.m2/repository/org/springframework/boot/spring-boot-autoconfigure/3.2.0/spring-boot-autoconfigure-3.2.0.jar:/Users/markusagnsgaard/.m2/repository/org/springframework/boot/spring-boot-starter-logging/3.2.0/spring-boot-starter-logging-3.2.0.jar:/Users/markusagnsgaard/.m2/repository/ch/qos/logback/logback-classic/1.4.11/logback-classic-1.4.11.jar:/Users/markusagnsgaard/.m2/repository/ch/qos/logback/logback-core/1.4.11/logback-core-1.4.11.jar:/Users/markusagnsgaard/.m2/repository/org/apache/logging/log4j/log4j-to-slf4j/2.21.1/log4j-to-slf4j-2.21.1.jar:/Users/markusagnsgaard/.m2/repository/org/apache/logging/log4j/log4j-api/2.21.1/log4j-api-2.21.1.jar:/Users/markusagnsgaard/.m2/repository/org/slf4j/jul-to-slf4j/2.0.9/jul-to-slf4j-2.0.9.jar:/Users/markusagnsgaard/.m2/repository/jakarta/annotation/jakarta.annotation-api/2.1.1/jakarta.annotation-api-2.1.1.jar:/Users/markusagnsgaard/.m2/repository/org/yaml/snakeyaml/2.2/snakeyaml-2.2.jar:/Users/markusagnsgaard/.m2/repository/org/springframework/spring-messaging/6.1.1/spring-messaging-6.1.1.jar:/Users/markusagnsgaard/.m2/repository/org/springframework/spring-beans/6.1.1/spring-beans-6.1.1.jar:/Users/markusagnsgaard/.m2/repository/org/springframework/amqp/spring-rabbit/3.1.0/spring-rabbit-3.1.0.jar:/Users/markusagnsgaard/.m2/repository/org/springframework/amqp/spring-amqp/3.1.0/spring-amqp-3.1.0.jar:/Users/markusagnsgaard/.m2/repository/org/springframework/retry/spring-retry/2.0.4/spring-retry-2.0.4.jar:/Users/markusagnsgaard/.m2/repository/com/rabbitmq/amqp-client/5.19.0/amqp-client-5.19.0.jar:/Users/markusagnsgaard/.m2/repository/org/springframework/spring-context/6.1.1/spring-context-6.1.1.jar:/Users/markusagnsgaard/.m2/repository/org/springframework/spring-tx/6.1.1/spring-tx-6.1.1.jar:/Users/markusagnsgaard/.m2/repository/io/micrometer/micrometer-observation/1.12.0/micrometer-observation-1.12.0.jar:/Users/markusagnsgaard/.m2/repository/io/micrometer/micrometer-commons/1.12.0/micrometer-commons-1.12.0.jar:/Users/markusagnsgaard/.m2/repository/org/springframework/boot/spring-boot-starter-data-mongodb/3.2.0/spring-boot-starter-data-mongodb-3.2.0.jar:/Users/markusagnsgaard/.m2/repository/org/mongodb/mongodb-driver-sync/4.11.1/mongodb-driver-sync-4.11.1.jar:/Users/markusagnsgaard/.m2/repository/org/mongodb/bson/4.11.1/bson-4.11.1.jar:/Users/markusagnsgaard/.m2/repository/org/mongodb/mongodb-driver-core/4.11.1/mongodb-driver-core-4.11.1.jar:/Users/markusagnsgaard/.m2/repository/org/mongodb/bson-record-codec/4.11.1/bson-record-codec-4.11.1.jar:/Users/markusagnsgaard/.m2/repository/org/springframework/data/spring-data-mongodb/4.2.0/spring-data-mongodb-4.2.0.jar:/Users/markusagnsgaard/.m2/repository/org/springframework/spring-expression/6.1.1/spring-expression-6.1.1.jar:/Users/markusagnsgaard/.m2/repository/org/springframework/data/spring-data-commons/3.2.0/spring-data-commons-3.2.0.jar:/Users/markusagnsgaard/.m2/repository/org/slf4j/slf4j-api/2.0.9/slf4j-api-2.0.9.jar:/Users/markusagnsgaard/.m2/repository/org/springframework/boot/spring-boot-starter-web/3.2.0/spring-boot-starter-web-3.2.0.jar:/Users/markusagnsgaard/.m2/repository/org/springframework/boot/spring-boot-starter-json/3.2.0/spring-boot-starter-json-3.2.0.jar:/Users/markusagnsgaard/.m2/repository/com/fasterxml/jackson/core/jackson-databind/2.15.3/jackson-databind-2.15.3.jar:/Users/markusagnsgaard/.m2/repository/com/fasterxml/jackson/core/jackson-annotations/2.15.3/jackson-annotations-2.15.3.jar:/Users/markusagnsgaard/.m2/repository/com/fasterxml/jackson/datatype/jackson-datatype-jdk8/2.15.3/jackson-datatype-jdk8-2.15.3.jar:/Users/markusagnsgaard/.m2/repository/com/fasterxml/jackson/datatype/jackson-datatype-jsr310/2.15.3/jackson-datatype-jsr310-2.15.3.jar:/Users/markusagnsgaard/.m2/repository/com/fasterxml/jackson/module/jackson-module-parameter-names/2.15.3/jackson-module-parameter-names-2.15.3.jar:/Users/markusagnsgaard/.m2/repository/org/springframework/boot/spring-boot-starter-tomcat/3.2.0/spring-boot-starter-tomcat-3.2.0.jar:/Users/markusagnsgaard/.m2/repository/org/apache/tomcat/embed/tomcat-embed-core/10.1.16/tomcat-embed-core-10.1.16.jar:/Users/markusagnsgaard/.m2/repository/org/apache/tomcat/embed/tomcat-embed-el/10.1.16/tomcat-embed-el-10.1.16.jar:/Users/markusagnsgaard/.m2/repository/org/apache/tomcat/embed/tomcat-embed-websocket/10.1.16/tomcat-embed-websocket-10.1.16.jar:/Users/markusagnsgaard/.m2/repository/org/springframework/spring-web/6.1.1/spring-web-6.1.1.jar:/Users/markusagnsgaard/.m2/repository/org/springframework/spring-webmvc/6.1.1/spring-webmvc-6.1.1.jar:/Users/markusagnsgaard/.m2/repository/org/springframework/spring-aop/6.1.1/spring-aop-6.1.1.jar:/Users/markusagnsgaard/.m2/repository/org/flywaydb/flyway-core/9.22.3/flyway-core-9.22.3.jar:/Users/markusagnsgaard/.m2/repository/com/fasterxml/jackson/dataformat/jackson-dataformat-toml/2.15.3/jackson-dataformat-toml-2.15.3.jar:/Users/markusagnsgaard/.m2/repository/com/fasterxml/jackson/core/jackson-core/2.15.3/jackson-core-2.15.3.jar:/Users/markusagnsgaard/.m2/repository/com/google/code/gson/gson/2.10.1/gson-2.10.1.jar:/Users/markusagnsgaard/.m2/repository/org/flywaydb/flyway-mysql/9.22.3/flyway-mysql-9.22.3.jar:/Users/markusagnsgaard/.m2/repository/com/mysql/mysql-connector-j/8.1.0/mysql-connector-j-8.1.0.jar:/Users/markusagnsgaard/.m2/repository/org/projectlombok/lombok/1.18.30/lombok-1.18.30.jar:/Users/markusagnsgaard/.m2/repository/org/springframework/boot/spring-boot-starter-test/3.2.0/spring-boot-starter-test-3.2.0.jar:/Users/markusagnsgaard/.m2/repository/org/springframework/boot/spring-boot-test/3.2.0/spring-boot-test-3.2.0.jar:/Users/markusagnsgaard/.m2/repository/org/springframework/boot/spring-boot-test-autoconfigure/3.2.0/spring-boot-test-autoconfigure-3.2.0.jar:/Users/markusagnsgaard/.m2/repository/com/jayway/jsonpath/json-path/2.8.0/json-path-2.8.0.jar:/Users/markusagnsgaard/.m2/repository/jakarta/xml/bind/jakarta.xml.bind-api/4.0.1/jakarta.xml.bind-api-4.0.1.jar:/Users/markusagnsgaard/.m2/repository/jakarta/activation/jakarta.activation-api/2.1.2/jakarta.activation-api-2.1.2.jar:/Users/markusagnsgaard/.m2/repository/net/minidev/json-smart/2.5.0/json-smart-2.5.0.jar:/Users/markusagnsgaard/.m2/repository/net/minidev/accessors-smart/2.5.0/accessors-smart-2.5.0.jar:/Users/markusagnsgaard/.m2/repository/org/ow2/asm/asm/9.3/asm-9.3.jar:/Users/markusagnsgaard/.m2/repository/org/assertj/assertj-core/3.24.2/assertj-core-3.24.2.jar:/Users/markusagnsgaard/.m2/repository/net/bytebuddy/byte-buddy/1.14.10/byte-buddy-1.14.10.jar:/Users/markusagnsgaard/.m2/repository/org/awaitility/awaitility/4.2.0/awaitility-4.2.0.jar:/Users/markusagnsgaard/.m2/repository/org/hamcrest/hamcrest/2.2/hamcrest-2.2.jar:/Users/markusagnsgaard/.m2/repository/org/junit/jupiter/junit-jupiter/5.10.1/junit-jupiter-5.10.1.jar:/Users/markusagnsgaard/.m2/repository/org/junit/jupiter/junit-jupiter-api/5.10.1/junit-jupiter-api-5.10.1.jar:/Users/markusagnsgaard/.m2/repository/org/opentest4j/opentest4j/1.3.0/opentest4j-1.3.0.jar:/Users/markusagnsgaard/.m2/repository/org/junit/platform/junit-platform-commons/1.10.1/junit-platform-commons-1.10.1.jar:/Users/markusagnsgaard/.m2/repository/org/junit/jupiter/junit-jupiter-params/5.10.1/junit-jupiter-params-5.10.1.jar:/Users/markusagnsgaard/.m2/repository/org/junit/jupiter/junit-jupiter-engine/5.10.1/junit-jupiter-engine-5.10.1.jar:/Users/markusagnsgaard/.m2/repository/org/junit/platform/junit-platform-engine/1.10.1/junit-platform-engine-1.10.1.jar:/Users/markusagnsgaard/.m2/repository/org/mockito/mockito-core/5.7.0/mockito-core-5.7.0.jar:/Users/markusagnsgaard/.m2/repository/net/bytebuddy/byte-buddy-agent/1.14.10/byte-buddy-agent-1.14.10.jar:/Users/markusagnsgaard/.m2/repository/org/objenesis/objenesis/3.3/objenesis-3.3.jar:/Users/markusagnsgaard/.m2/repository/org/mockito/mockito-junit-jupiter/5.7.0/mockito-junit-jupiter-5.7.0.jar:/Users/markusagnsgaard/.m2/repository/org/skyscreamer/jsonassert/1.5.1/jsonassert-1.5.1.jar:/Users/markusagnsgaard/.m2/repository/com/vaadin/external/google/android-json/0.0.20131108.vaadin1/android-json-0.0.20131108.vaadin1.jar:/Users/markusagnsgaard/.m2/repository/org/springframework/spring-core/6.1.1/spring-core-6.1.1.jar:/Users/markusagnsgaard/.m2/repository/org/springframework/spring-jcl/6.1.1/spring-jcl-6.1.1.jar:/Users/markusagnsgaard/.m2/repository/org/springframework/spring-test/6.1.1/spring-test-6.1.1.jar:/Users/markusagnsgaard/.m2/repository/org/xmlunit/xmlunit-core/2.9.1/xmlunit-core-2.9.1.jar:/Users/markusagnsgaard/.m2/repository/org/springframework/amqp/spring-rabbit-test/3.1.0/spring-rabbit-test-3.1.0.jar:/Users/markusagnsgaard/.m2/repository/org/springframework/amqp/spring-rabbit-junit/3.1.0/spring-rabbit-junit-3.1.0.jar:/Users/markusagnsgaard/.m2/repository/org/hamcrest/hamcrest-library/2.2/hamcrest-library-2.2.jar:/Users/markusagnsgaard/.m2/repository/org/hamcrest/hamcrest-core/2.2/hamcrest-core-2.2.jar:/Users/markusagnsgaard/.m2/repository/org/testcontainers/mongodb/1.19.3/mongodb-1.19.3.jar:/Users/markusagnsgaard/.m2/repository/org/testcontainers/testcontainers/1.19.3/testcontainers-1.19.3.jar:/Users/markusagnsgaard/.m2/repository/org/apache/commons/commons-compress/1.24.0/commons-compress-1.24.0.jar:/Users/markusagnsgaard/.m2/repository/org/rnorth/duct-tape/duct-tape/1.0.8/duct-tape-1.0.8.jar:/Users/markusagnsgaard/.m2/repository/org/jetbrains/annotations/17.0.0/annotations-17.0.0.jar:/Users/markusagnsgaard/.m2/repository/com/github/docker-java/docker-java-api/3.3.4/docker-java-api-3.3.4.jar:/Users/markusagnsgaard/.m2/repository/com/github/docker-java/docker-java-transport-zerodep/3.3.4/docker-java-transport-zerodep-3.3.4.jar:/Users/markusagnsgaard/.m2/repository/com/github/docker-java/docker-java-transport/3.3.4/docker-java-transport-3.3.4.jar:/Users/markusagnsgaard/.m2/repository/net/java/dev/jna/jna/5.13.0/jna-5.13.0.jar:/Users/markusagnsgaard/.m2/repository/org/testcontainers/junit-jupiter/1.19.3/junit-jupiter-1.19.3.jar:/Users/markusagnsgaard/.m2/repository/io/cucumber/cucumber-junit/7.0.0/cucumber-junit-7.0.0.jar:/Users/markusagnsgaard/.m2/repository/org/apiguardian/apiguardian-api/1.1.2/apiguardian-api-1.1.2.jar:/Users/markusagnsgaard/.m2/repository/junit/junit/4.13.2/junit-4.13.2.jar:/Users/markusagnsgaard/.m2/repository/io/cucumber/cucumber-java/7.0.0/cucumber-java-7.0.0.jar:/Users/markusagnsgaard/.m2/repository/io/cucumber/cucumber-spring/7.0.0/cucumber-spring-7.0.0.jar:/Users/markusagnsgaard/.m2/repository/io/cucumber/cucumber-core/7.0.0/cucumber-core-7.0.0.jar:/Users/markusagnsgaard/.m2/repository/io/cucumber/cucumber-gherkin/7.0.0/cucumber-gherkin-7.0.0.jar:/Users/markusagnsgaard/.m2/repository/io/cucumber/cucumber-gherkin-messages/7.0.0/cucumber-gherkin-messages-7.0.0.jar:/Users/markusagnsgaard/.m2/repository/io/cucumber/messages/17.1.1/messages-17.1.1.jar:/Users/markusagnsgaard/.m2/repository/io/cucumber/tag-expressions/4.0.2/tag-expressions-4.0.2.jar:/Users/markusagnsgaard/.m2/repository/io/cucumber/cucumber-expressions/13.0.1/cucumber-expressions-13.0.1.jar:/Users/markusagnsgaard/.m2/repository/io/cucumber/datatable/7.0.0/datatable-7.0.0.jar:/Users/markusagnsgaard/.m2/repository/io/cucumber/cucumber-plugin/7.0.0/cucumber-plugin-7.0.0.jar:/Users/markusagnsgaard/.m2/repository/io/cucumber/docstring/7.0.0/docstring-7.0.0.jar:/Users/markusagnsgaard/.m2/repository/io/cucumber/html-formatter/17.0.0/html-formatter-17.0.0.jar:/Users/markusagnsgaard/.m2/repository/io/cucumber/create-meta/6.0.1/create-meta-6.0.1.jar:"/>
    <property name="sun.cpu.endian" value="little"/>
    <property name="user.home" value="/Users/markusagnsgaard"/>
    <property name="user.language" value="en"/>
    <property name="java.specification.vendor" value="Oracle Corporation"/>
    <property name="java.version.date" value="2023-10-17"/>
    <property name="java.home" value="/Users/markusagnsgaard/Library/Java/JavaVirtualMachines/openjdk-21.0.1/Contents/Home"/>
    <property name="file.separator" value="/"/>
    <property name="basedir" value="/Users/markusagnsgaard/Desktop/restaurant-service"/>
    <property name="java.vm.compressedOopsMode" value="Zero based"/>
    <property name="line.separator" value="&#10;"/>
    <property name="java.vm.specification.vendor" value="Oracle Corporation"/>
    <property name="java.specification.name" value="Java Platform API Specification"/>
    <property name="FILE_LOG_CHARSET" value="UTF-8"/>
    <property name="java.awt.headless" value="true"/>
    <property name="apple.awt.application.name" value="ForkedBooter"/>
    <property name="surefire.real.class.path" value="/Users/markusagnsgaard/Desktop/restaurant-service/target/surefire/surefirebooter-20231206102328348_3.jar"/>
    <property name="sun.management.compiler" value="HotSpot 64-Bit Tiered Compilers"/>
    <property name="ftp.nonProxyHosts" value="local|*.local|169.254/16|*.169.254/16"/>
    <property name="java.runtime.version" value="21.0.1+12-29"/>
    <property name="user.name" value="markusagnsgaard"/>
    <property name="stdout.encoding" value="US-ASCII"/>
    <property name="path.separator" value=":"/>
    <property name="os.version" value="14.1"/>
    <property name="java.runtime.name" value="OpenJDK Runtime Environment"/>
    <property name="file.encoding" value="UTF-8"/>
    <property name="java.vm.name" value="OpenJDK 64-Bit Server VM"/>
    <property name="localRepository" value="/Users/markusagnsgaard/.m2/repository"/>
    <property name="java.vendor.url.bug" value="https://bugreport.java.com/bugreport/"/>
    <property name="java.io.tmpdir" value="/var/folders/f4/g09hx1n5747dttb_p424s85w0000gn/T/"/>
    <property name="idea.version" value="2023.2.5"/>
    <property name="java.version" value="21.0.1"/>
    <property name="user.dir" value="/Users/markusagnsgaard/Desktop/restaurant-service"/>
    <property name="os.arch" value="x86_64"/>
    <property name="java.vm.specification.name" value="Java Virtual Machine Specification"/>
    <property name="PID" value="27834"/>
    <property name="CONSOLE_LOG_CHARSET" value="UTF-8"/>
    <property name="native.encoding" value="US-ASCII"/>
    <property name="java.library.path" value="/Users/markusagnsgaard/Library/Java/Extensions:/Library/Java/Extensions:/Network/Library/Java/Extensions:/System/Library/Java/Extensions:/usr/lib/java:."/>
    <property name="java.vm.info" value="mixed mode, sharing"/>
    <property name="stderr.encoding" value="US-ASCII"/>
    <property name="java.vendor" value="Oracle Corporation"/>
    <property name="java.vm.version" value="21.0.1+12-29"/>
    <property name="sun.io.unicode.encoding" value="UnicodeBig"/>
    <property name="socksNonProxyHosts" value="local|*.local|169.254/16|*.169.254/16"/>
    <property name="java.class.version" value="65.0"/>
  </properties>
  <testcase name="ReturnListOfMenuItemResponseObjects" classname="com.mtgo.exam.restaurantservice.integration.MenuItemIntegrationTest" time="0.069">
    <system-out><![CDATA[2023-12-06T10:24:05.595+01:00  INFO 27834 --- [           main] t.c.s.AnnotationConfigContextLoaderUtils : Could not detect default configuration classes for test class [com.mtgo.exam.restaurantservice.integration.MenuItemIntegrationTest]: MenuItemIntegrationTest does not declare any static, non-private, non-final, nested classes annotated with @Configuration.
2023-12-06T10:24:05.628+01:00  INFO 27834 --- [           main] .b.t.c.SpringBootTestContextBootstrapper : Found @SpringBootConfiguration com.mtgo.exam.restaurantservice.RestaurantServiceApplication for test class com.mtgo.exam.restaurantservice.integration.MenuItemIntegrationTest
2023-12-06T10:24:05.636+01:00  INFO 27834 --- [           main] tc.mongo:latest                          : Creating container for image: mongo:latest
2023-12-06T10:24:05.847+01:00  INFO 27834 --- [           main] tc.mongo:latest                          : Container mongo:latest is starting: ad3692a96a88031393b1a1aa5413d6a29d0531ccc9779c711f928bdd82ee74fa
2023-12-06T10:24:06.187+01:00  INFO 27834 --- [ntContainer#0-1] o.s.a.r.l.SimpleMessageListenerContainer : Restarting Consumer@b5390: tags=[[]], channel=null, acknowledgeMode=AUTO local queue size=0
2023-12-06T10:24:06.189+01:00  INFO 27834 --- [ntContainer#0-2] o.s.a.r.c.CachingConnectionFactory       : Attempting to connect to: [rabbitmq:5672]
2023-12-06T10:24:06.190+01:00 ERROR 27834 --- [ntContainer#0-2] o.s.a.r.l.SimpleMessageListenerContainer : Failed to check/redeclare auto-delete queue(s).
2023-12-06T10:24:06.191+01:00  INFO 27834 --- [ntContainer#0-2] o.s.a.r.c.CachingConnectionFactory       : Attempting to connect to: [rabbitmq:5672]
2023-12-06T10:24:08.261+01:00  INFO 27834 --- [           main] tc.mongo:latest                          : Container mongo:latest started in PT2.625098S
2023-12-06T10:24:11.279+01:00  INFO 27834 --- [ntContainer#0-2] o.s.a.r.l.SimpleMessageListenerContainer : Restarting Consumer@447b6bc6: tags=[[]], channel=null, acknowledgeMode=AUTO local queue size=0
2023-12-06T10:24:11.280+01:00  INFO 27834 --- [ntContainer#0-3] o.s.a.r.c.CachingConnectionFactory       : Attempting to connect to: [rabbitmq:5672]
2023-12-06T10:24:11.284+01:00 ERROR 27834 --- [ntContainer#0-3] o.s.a.r.l.SimpleMessageListenerContainer : Failed to check/redeclare auto-delete queue(s).
2023-12-06T10:24:11.284+01:00  INFO 27834 --- [ntContainer#0-3] o.s.a.r.c.CachingConnectionFactory       : Attempting to connect to: [rabbitmq:5672]

  .   ____          _            __ _ _
 /\\ / ___'_ __ _ _(_)_ __  __ _ \ \ \ \
( ( )\___ | '_ | '_| | '_ \/ _` | \ \ \ \
 \\/  ___)| |_)| | | | | || (_| |  ) ) ) )
  '  |____| .__|_| |_|_| |_\__, | / / / /
 =========|_|==============|___/=/_/_/_/
 :: Spring Boot ::                (v3.2.0)

2023-12-06T10:24:11.598+01:00  INFO 27834 --- [           main] c.m.e.r.i.MenuItemIntegrationTest        : Starting MenuItemIntegrationTest using Java 21.0.1 with PID 27834 (started by markusagnsgaard in /Users/markusagnsgaard/Desktop/restaurant-service)
2023-12-06T10:24:11.598+01:00  INFO 27834 --- [           main] c.m.e.r.i.MenuItemIntegrationTest        : The following 1 profile is active: "integration"
2023-12-06T10:24:11.886+01:00  INFO 27834 --- [           main] .s.d.r.c.RepositoryConfigurationDelegate : Bootstrapping Spring Data MongoDB repositories in DEFAULT mode.
2023-12-06T10:24:11.901+01:00  INFO 27834 --- [           main] .s.d.r.c.RepositoryConfigurationDelegate : Finished Spring Data repository scanning in 14 ms. Found 2 MongoDB repository interfaces.
2023-12-06T10:24:11.991+01:00  INFO 27834 --- [           main] org.mongodb.driver.client                : MongoClient with metadata {"driver": {"name": "mongo-java-driver|sync|spring-boot", "version": "4.11.1"}, "os": {"type": "Darwin", "name": "Mac OS X", "architecture": "x86_64", "version": "14.1"}, "platform": "Java/Oracle Corporation/21.0.1+12-29"} created with settings MongoClientSettings{readPreference=primary, writeConcern=WriteConcern{w=null, wTimeout=null ms, journal=null}, retryWrites=true, retryReads=true, readConcern=ReadConcern{level=null}, credential=null, transportSettings=null, streamFactoryFactory=null, commandListeners=[], codecRegistry=ProvidersCodecRegistry{codecProviders=[ValueCodecProvider{}, BsonValueCodecProvider{}, DBRefCodecProvider{}, DBObjectCodecProvider{}, DocumentCodecProvider{}, CollectionCodecProvider{}, IterableCodecProvider{}, MapCodecProvider{}, GeoJsonCodecProvider{}, GridFSFileCodecProvider{}, Jsr310CodecProvider{}, JsonObjectCodecProvider{}, BsonCodecProvider{}, EnumCodecProvider{}, com.mongodb.client.model.mql.ExpressionCodecProvider@5e3d2765, com.mongodb.Jep395RecordCodecProvider@7910f355, com.mongodb.KotlinCodecProvider@34ab26a]}, loggerSettings=LoggerSettings{maxDocumentLength=1000}, clusterSettings={hosts=[localhost:59788], srvServiceName=mongodb, mode=SINGLE, requiredClusterType=UNKNOWN, requiredReplicaSetName='null', serverSelector='null', clusterListeners='[]', serverSelectionTimeout='30000 ms', localThreshold='15 ms'}, socketSettings=SocketSettings{connectTimeoutMS=10000, readTimeoutMS=0, receiveBufferSize=0, proxySettings=ProxySettings{host=null, port=null, username=null, password=null}}, heartbeatSocketSettings=SocketSettings{connectTimeoutMS=10000, readTimeoutMS=10000, receiveBufferSize=0, proxySettings=ProxySettings{host=null, port=null, username=null, password=null}}, connectionPoolSettings=ConnectionPoolSettings{maxSize=100, minSize=0, maxWaitTimeMS=120000, maxConnectionLifeTimeMS=0, maxConnectionIdleTimeMS=0, maintenanceInitialDelayMS=0, maintenanceFrequencyMS=60000, connectionPoolListeners=[], maxConnecting=2}, serverSettings=ServerSettings{heartbeatFrequencyMS=10000, minHeartbeatFrequencyMS=500, serverListeners='[]', serverMonitorListeners='[]'}, sslSettings=SslSettings{enabled=false, invalidHostNameAllowed=false, context=null}, applicationName='null', compressorList=[], uuidRepresentation=JAVA_LEGACY, serverApi=null, autoEncryptionSettings=null, dnsClient=null, inetAddressResolver=null, contextProvider=null}
2023-12-06T10:24:11.999+01:00  INFO 27834 --- [localhost:59788] org.mongodb.driver.cluster               : Monitor thread successfully connected to server with description ServerDescription{address=localhost:59788, type=REPLICA_SET_PRIMARY, state=CONNECTED, ok=true, minWireVersion=0, maxWireVersion=21, maxDocumentSize=16777216, logicalSessionTimeoutMinutes=30, roundTripTimeNanos=9561944, setName='docker-rs', canonicalAddress=ad3692a96a88:27017, hosts=[ad3692a96a88:27017], passives=[], arbiters=[], primary='ad3692a96a88:27017', tagSet=TagSet{[]}, electionId=7fffffff0000000000000001, setVersion=1, topologyVersion=TopologyVersion{processId=65703db6271d69a7c716fd46, counter=6}, lastWriteDate=Wed Dec 06 10:24:10 CET 2023, lastUpdateTimeNanos=41369507779630}
2023-12-06T10:24:12.208+01:00  INFO 27834 --- [           main] o.s.b.t.m.w.SpringBootMockServletContext : Initializing Spring TestDispatcherServlet ''
2023-12-06T10:24:12.209+01:00  INFO 27834 --- [           main] o.s.t.web.servlet.TestDispatcherServlet  : Initializing Servlet ''
2023-12-06T10:24:12.210+01:00  INFO 27834 --- [           main] o.s.t.web.servlet.TestDispatcherServlet  : Completed initialization in 1 ms
2023-12-06T10:24:12.215+01:00  INFO 27834 --- [           main] o.s.a.r.c.CachingConnectionFactory       : Attempting to connect to: [rabbitmq:5672]
2023-12-06T10:24:12.216+01:00  INFO 27834 --- [           main] o.s.a.r.l.SimpleMessageListenerContainer : Broker not available; cannot force queue declarations during start: java.net.UnknownHostException: rabbitmq
2023-12-06T10:24:12.216+01:00  INFO 27834 --- [ntContainer#0-1] o.s.a.r.c.CachingConnectionFactory       : Attempting to connect to: [rabbitmq:5672]
2023-12-06T10:24:12.216+01:00 ERROR 27834 --- [ntContainer#0-1] o.s.a.r.l.SimpleMessageListenerContainer : Failed to check/redeclare auto-delete queue(s).

org.springframework.amqp.AmqpIOException: java.net.UnknownHostException: rabbitmq
	at org.springframework.amqp.rabbit.support.RabbitExceptionTranslator.convertRabbitAccessException(RabbitExceptionTranslator.java:70) ~[spring-rabbit-3.1.0.jar:3.1.0]
	at org.springframework.amqp.rabbit.connection.AbstractConnectionFactory.createBareConnection(AbstractConnectionFactory.java:594) ~[spring-rabbit-3.1.0.jar:3.1.0]
	at org.springframework.amqp.rabbit.connection.CachingConnectionFactory.createConnection(CachingConnectionFactory.java:711) ~[spring-rabbit-3.1.0.jar:3.1.0]
	at org.springframework.amqp.rabbit.connection.ConnectionFactoryUtils.createConnection(ConnectionFactoryUtils.java:257) ~[spring-rabbit-3.1.0.jar:3.1.0]
	at org.springframework.amqp.rabbit.core.RabbitTemplate.doExecute(RabbitTemplate.java:2225) ~[spring-rabbit-3.1.0.jar:3.1.0]
	at org.springframework.amqp.rabbit.core.RabbitTemplate.execute(RabbitTemplate.java:2198) ~[spring-rabbit-3.1.0.jar:3.1.0]
	at org.springframework.amqp.rabbit.core.RabbitTemplate.execute(RabbitTemplate.java:2178) ~[spring-rabbit-3.1.0.jar:3.1.0]
	at org.springframework.amqp.rabbit.core.RabbitAdmin.getQueueInfo(RabbitAdmin.java:465) ~[spring-rabbit-3.1.0.jar:3.1.0]
	at org.springframework.amqp.rabbit.core.RabbitAdmin.getQueueProperties(RabbitAdmin.java:449) ~[spring-rabbit-3.1.0.jar:3.1.0]
	at org.springframework.amqp.rabbit.listener.AbstractMessageListenerContainer.attemptDeclarations(AbstractMessageListenerContainer.java:1936) ~[spring-rabbit-3.1.0.jar:3.1.0]
	at org.springframework.amqp.rabbit.listener.AbstractMessageListenerContainer.redeclareElementsIfNecessary(AbstractMessageListenerContainer.java:1904) ~[spring-rabbit-3.1.0.jar:3.1.0]
	at org.springframework.amqp.rabbit.listener.SimpleMessageListenerContainer$AsyncMessageProcessingConsumer.initialize(SimpleMessageListenerContainer.java:1383) ~[spring-rabbit-3.1.0.jar:3.1.0]
	at org.springframework.amqp.rabbit.listener.SimpleMessageListenerContainer$AsyncMessageProcessingConsumer.run(SimpleMessageListenerContainer.java:1225) ~[spring-rabbit-3.1.0.jar:3.1.0]
	at java.base/java.lang.Thread.run(Thread.java:1583) ~[na:na]
Caused by: java.net.UnknownHostException: rabbitmq
	at java.base/java.net.InetAddress$CachedLookup.get(InetAddress.java:988) ~[na:na]
	at java.base/java.net.InetAddress.getAllByName0(InetAddress.java:1818) ~[na:na]
	at java.base/java.net.InetAddress.getAllByName(InetAddress.java:1688) ~[na:na]
	at com.rabbitmq.client.DnsRecordIpAddressResolver.resolveIpAddresses(DnsRecordIpAddressResolver.java:83) ~[amqp-client-5.19.0.jar:5.19.0]
	at com.rabbitmq.client.DnsRecordIpAddressResolver.getAddresses(DnsRecordIpAddressResolver.java:73) ~[amqp-client-5.19.0.jar:5.19.0]
	at com.rabbitmq.client.ConnectionFactory.newConnection(ConnectionFactory.java:1245) ~[amqp-client-5.19.0.jar:5.19.0]
	at com.rabbitmq.client.ConnectionFactory.newConnection(ConnectionFactory.java:1198) ~[amqp-client-5.19.0.jar:5.19.0]
	at org.springframework.amqp.rabbit.connection.AbstractConnectionFactory.connectAddresses(AbstractConnectionFactory.java:632) ~[spring-rabbit-3.1.0.jar:3.1.0]
	at org.springframework.amqp.rabbit.connection.AbstractConnectionFactory.connect(AbstractConnectionFactory.java:607) ~[spring-rabbit-3.1.0.jar:3.1.0]
	at org.springframework.amqp.rabbit.connection.AbstractConnectionFactory.createBareConnection(AbstractConnectionFactory.java:557) ~[spring-rabbit-3.1.0.jar:3.1.0]
	... 12 common frames omitted

2023-12-06T10:24:12.217+01:00  INFO 27834 --- [ntContainer#0-1] o.s.a.r.c.CachingConnectionFactory       : Attempting to connect to: [rabbitmq:5672]
2023-12-06T10:24:12.219+01:00  INFO 27834 --- [           main] c.m.e.r.i.MenuItemIntegrationTest        : Started MenuItemIntegrationTest in 0.67 seconds (process running for 43.69)
2023-12-06T10:24:12.725+01:00  INFO 27834 --- [           main] c.m.e.r.service.MenuItemService          : Getting menu items for restaurant with ID: 6554c6178dc83b51ed4e7414
]]></system-out>
  </testcase>
  <testcase name="createMenuItemAndRetrieveFromDatabase" classname="com.mtgo.exam.restaurantservice.integration.MenuItemIntegrationTest" time="0.217">
    <system-out><![CDATA[2023-12-06T10:24:12.859+01:00  INFO 27834 --- [           main] c.m.e.r.service.MenuItemService          : Creating menu item for restaurant with ID: testRestaurantId
2023-12-06T10:24:12.915+01:00  INFO 27834 --- [           main] c.m.e.r.service.MenuItemService          : Menu item 65703dbcc04e991f99e35053 is saved
2023-12-06T10:24:12.918+01:00  INFO 27834 --- [           main] c.m.e.r.service.MenuItemService          : Getting menu items for restaurant with ID: testRestaurantId
]]></system-out>
  </testcase>
  <testcase name="returnEmptyListWhenNoMenuItemsFound" classname="com.mtgo.exam.restaurantservice.integration.MenuItemIntegrationTest" time="0.009">
    <system-out><![CDATA[2023-12-06T10:24:12.986+01:00  INFO 27834 --- [           main] c.m.e.r.service.MenuItemService          : Getting menu items for restaurant with ID: invalidRestaurantId
]]></system-out>
  </testcase>
  <testcase name="throwExceptionWhenGivenInvalidRestaurantId" classname="com.mtgo.exam.restaurantservice.integration.MenuItemIntegrationTest" time="0.016">
    <system-out><![CDATA[2023-12-06T10:24:13.007+01:00  INFO 27834 --- [           main] c.m.e.r.service.MenuItemService          : Getting menu items for restaurant with ID: invalidRestaurantId
]]></system-out>
  </testcase>
</testsuite>